[debug] [2021-09-26T07:36:54.259Z] ----------------------------------------------------------------------
[debug] [2021-09-26T07:36:54.261Z] Command:       /Users/nino/.nvm/versions/node/v15.9.0/bin/node /Users/nino/.nvm/versions/node/v15.9.0/bin/firebase deploy --only functions:onStripeEvent
[debug] [2021-09-26T07:36:54.261Z] CLI Version:   9.16.0
[debug] [2021-09-26T07:36:54.261Z] Platform:      darwin
[debug] [2021-09-26T07:36:54.261Z] Node Version:  v15.9.0
[debug] [2021-09-26T07:36:54.263Z] Time:          Sun Sep 26 2021 16:36:54 GMT+0900 (日本標準時)
[debug] [2021-09-26T07:36:54.263Z] ----------------------------------------------------------------------
[debug] 
[debug] [2021-09-26T07:36:54.325Z] > command requires scopes: ["email","openid","https://www.googleapis.com/auth/cloudplatformprojects.readonly","https://www.googleapis.com/auth/firebase","https://www.googleapis.com/auth/cloud-platform"]
[debug] [2021-09-26T07:36:54.325Z] > authorizing via signed-in user (daichi.ninomiya@deer.co.jp)
[debug] [2021-09-26T07:36:54.325Z] [iam] checking project stripe-live-c2b55 for permissions ["cloudfunctions.functions.create","cloudfunctions.functions.delete","cloudfunctions.functions.get","cloudfunctions.functions.list","cloudfunctions.functions.update","cloudfunctions.operations.get","firebase.projects.get"]
[debug] [2021-09-26T07:36:54.327Z] >>> HTTP REQUEST POST https://cloudresourcemanager.googleapis.com/v1/projects/stripe-live-c2b55:testIamPermissions  
 {"permissions":["cloudfunctions.functions.create","cloudfunctions.functions.delete","cloudfunctions.functions.get","cloudfunctions.functions.list","cloudfunctions.functions.update","cloudfunctions.operations.get","firebase.projects.get"]}
[debug] [2021-09-26T07:36:55.027Z] <<< HTTP RESPONSE 200 {"content-type":"application/json; charset=UTF-8","vary":"X-Origin, Referer, Origin,Accept-Encoding","date":"Sun, 26 Sep 2021 07:36:55 GMT","server":"ESF","cache-control":"private","x-xss-protection":"0","x-frame-options":"SAMEORIGIN","x-content-type-options":"nosniff","server-timing":"gfet4t7; dur=575","alt-svc":"h3=\":443\"; ma=2592000,h3-29=\":443\"; ma=2592000,h3-T051=\":443\"; ma=2592000,h3-Q050=\":443\"; ma=2592000,h3-Q046=\":443\"; ma=2592000,h3-Q043=\":443\"; ma=2592000,quic=\":443\"; ma=2592000; v=\"46,43\"","accept-ranges":"none","transfer-encoding":"chunked"}
[debug] [2021-09-26T07:36:55.029Z] >>> HTTP REQUEST POST https://iam.googleapis.com/v1/projects/stripe-live-c2b55/serviceAccounts/stripe-live-c2b55@appspot.gserviceaccount.com:testIamPermissions  
 {"permissions":["iam.serviceAccounts.actAs"]}
[debug] [2021-09-26T07:36:55.832Z] <<< HTTP RESPONSE 200 {"content-type":"application/json; charset=UTF-8","vary":"X-Origin, Referer, Origin,Accept-Encoding","date":"Sun, 26 Sep 2021 07:36:55 GMT","server":"ESF","cache-control":"private","x-xss-protection":"0","x-frame-options":"SAMEORIGIN","x-content-type-options":"nosniff","alt-svc":"h3=\":443\"; ma=2592000,h3-29=\":443\"; ma=2592000,h3-T051=\":443\"; ma=2592000,h3-Q050=\":443\"; ma=2592000,h3-Q046=\":443\"; ma=2592000,h3-Q043=\":443\"; ma=2592000,quic=\":443\"; ma=2592000; v=\"46,43\"","accept-ranges":"none","transfer-encoding":"chunked"}
[info] 
[info] === Deploying to 'stripe-live-c2b55'...
[info] 
[info] i  deploying functions 
[info] Running command: npm --prefix "$RESOURCE_DIR" run lint
[info] Running command: npm --prefix "$RESOURCE_DIR" run build
[info] ✔  functions: Finished running predeploy script. 
[debug] [2021-09-26T07:37:14.205Z] Validating nodejs source
[debug] [2021-09-26T07:37:15.920Z] > [functions] package.json contents: {
  "name": "functions",
  "scripts": {
    "lint": "eslint --ext .js,.ts .",
    "build": "tsc",
    "serve": "npm run build && firebase emulators:start --only functions",
    "shell": "npm run build && firebase functions:shell",
    "start": "npm run shell",
    "deploy": "firebase deploy --only functions",
    "logs": "firebase functions:log"
  },
  "engines": {
    "node": "14"
  },
  "main": "lib/index.js",
  "dependencies": {
    "firebase-admin": "^9.8.0",
    "firebase-functions": "^3.14.1",
    "stripe": "^8.176.0"
  },
  "devDependencies": {
    "@typescript-eslint/eslint-plugin": "^3.9.1",
    "@typescript-eslint/parser": "^3.8.0",
    "eslint": "^7.6.0",
    "eslint-config-google": "^0.14.0",
    "eslint-config-prettier": "^8.3.0",
    "eslint-plugin-import": "^2.22.0",
    "firebase-functions-test": "^0.2.0",
    "typescript": "^3.8.0"
  },
  "private": true
}
[debug] [2021-09-26T07:37:15.920Z] Building nodejs source
[info] i  functions: ensuring required API cloudfunctions.googleapis.com is enabled... 
[info] i  functions: ensuring required API cloudbuild.googleapis.com is enabled... 
[debug] [2021-09-26T07:37:15.922Z] >>> HTTP REQUEST GET https://serviceusage.googleapis.com/v1/projects/stripe-live-c2b55/services/cloudfunctions.googleapis.com  
 
[debug] [2021-09-26T07:37:15.923Z] >>> HTTP REQUEST GET https://serviceusage.googleapis.com/v1/projects/stripe-live-c2b55/services/runtimeconfig.googleapis.com  
 
[debug] [2021-09-26T07:37:15.924Z] >>> HTTP REQUEST GET https://serviceusage.googleapis.com/v1/projects/stripe-live-c2b55/services/cloudbuild.googleapis.com  
 
[debug] [2021-09-26T07:37:17.009Z] <<< HTTP RESPONSE 200 {"content-type":"application/json; charset=UTF-8","vary":"X-Origin, Referer, Origin,Accept-Encoding","date":"Sun, 26 Sep 2021 07:37:17 GMT","server":"ESF","cache-control":"private","x-xss-protection":"0","x-frame-options":"SAMEORIGIN","x-content-type-options":"nosniff","alt-svc":"h3=\":443\"; ma=2592000,h3-29=\":443\"; ma=2592000,h3-T051=\":443\"; ma=2592000,h3-Q050=\":443\"; ma=2592000,h3-Q046=\":443\"; ma=2592000,h3-Q043=\":443\"; ma=2592000,quic=\":443\"; ma=2592000; v=\"46,43\"","accept-ranges":"none","transfer-encoding":"chunked"}
[debug] [2021-09-26T07:37:17.056Z] <<< HTTP RESPONSE 200 {"content-type":"application/json; charset=UTF-8","vary":"X-Origin, Referer, Origin,Accept-Encoding","date":"Sun, 26 Sep 2021 07:37:17 GMT","server":"ESF","cache-control":"private","x-xss-protection":"0","x-frame-options":"SAMEORIGIN","x-content-type-options":"nosniff","alt-svc":"h3=\":443\"; ma=2592000,h3-29=\":443\"; ma=2592000,h3-T051=\":443\"; ma=2592000,h3-Q050=\":443\"; ma=2592000,h3-Q046=\":443\"; ma=2592000,h3-Q043=\":443\"; ma=2592000,quic=\":443\"; ma=2592000; v=\"46,43\"","accept-ranges":"none","transfer-encoding":"chunked"}
[info] ✔  functions: required API cloudfunctions.googleapis.com is enabled 
[debug] [2021-09-26T07:37:17.058Z] <<< HTTP RESPONSE 200 {"content-type":"application/json; charset=UTF-8","vary":"X-Origin, Referer, Origin,Accept-Encoding","date":"Sun, 26 Sep 2021 07:37:17 GMT","server":"ESF","cache-control":"private","x-xss-protection":"0","x-frame-options":"SAMEORIGIN","x-content-type-options":"nosniff","alt-svc":"h3=\":443\"; ma=2592000,h3-29=\":443\"; ma=2592000,h3-T051=\":443\"; ma=2592000,h3-Q050=\":443\"; ma=2592000,h3-Q046=\":443\"; ma=2592000,h3-Q043=\":443\"; ma=2592000,quic=\":443\"; ma=2592000; v=\"46,43\"","accept-ranges":"none","transfer-encoding":"chunked"}
[info] ✔  functions: required API cloudbuild.googleapis.com is enabled 
[debug] [2021-09-26T07:37:17.059Z] >>> HTTP REQUEST GET https://firebase.googleapis.com/v1beta1/projects/stripe-live-c2b55/adminSdkConfig  
 
[debug] [2021-09-26T07:37:17.478Z] <<< HTTP RESPONSE 200 {"content-type":"application/json; charset=UTF-8","vary":"X-Origin, Referer, Origin,Accept-Encoding","date":"Sun, 26 Sep 2021 07:37:17 GMT","server":"ESF","cache-control":"private","x-xss-protection":"0","x-frame-options":"SAMEORIGIN","x-content-type-options":"nosniff","alt-svc":"h3=\":443\"; ma=2592000,h3-29=\":443\"; ma=2592000,h3-T051=\":443\"; ma=2592000,h3-Q050=\":443\"; ma=2592000,h3-Q046=\":443\"; ma=2592000,h3-Q043=\":443\"; ma=2592000,quic=\":443\"; ma=2592000; v=\"46,43\"","accept-ranges":"none","transfer-encoding":"chunked"}
[debug] [2021-09-26T07:37:17.479Z] >>> HTTP REQUEST GET https://runtimeconfig.googleapis.com/v1beta1/projects/stripe-live-c2b55/configs  
 
[debug] [2021-09-26T07:37:18.480Z] <<< HTTP RESPONSE 200 {"content-type":"application/json; charset=UTF-8","vary":"X-Origin, Referer, Origin,Accept-Encoding","date":"Sun, 26 Sep 2021 07:37:18 GMT","server":"ESF","cache-control":"private","x-xss-protection":"0","x-frame-options":"SAMEORIGIN","x-content-type-options":"nosniff","alt-svc":"h3=\":443\"; ma=2592000,h3-29=\":443\"; ma=2592000,h3-T051=\":443\"; ma=2592000,h3-Q050=\":443\"; ma=2592000,h3-Q046=\":443\"; ma=2592000,h3-Q043=\":443\"; ma=2592000,quic=\":443\"; ma=2592000; v=\"46,43\"","accept-ranges":"none","transfer-encoding":"chunked"}
[debug] [2021-09-26T07:37:18.480Z] Analyzing nodejs backend spec
[info] i  functions: preparing functions directory for uploading... 
[info] i  functions: packaged functions (94.92 KB) for uploading 
[debug] [2021-09-26T07:37:18.742Z] >>> HTTP REQUEST GET https://cloudfunctions.googleapis.com/v1/projects/stripe-live-c2b55/locations/-/functions  
 
[debug] [2021-09-26T07:37:19.554Z] <<< HTTP RESPONSE 200 {"content-type":"application/json; charset=UTF-8","vary":"X-Origin, Referer, Origin,Accept-Encoding","date":"Sun, 26 Sep 2021 07:37:19 GMT","server":"ESF","cache-control":"private","x-xss-protection":"0","x-frame-options":"SAMEORIGIN","x-content-type-options":"nosniff","alt-svc":"h3=\":443\"; ma=2592000,h3-29=\":443\"; ma=2592000,h3-T051=\":443\"; ma=2592000,h3-Q050=\":443\"; ma=2592000,h3-Q046=\":443\"; ma=2592000,h3-Q043=\":443\"; ma=2592000,quic=\":443\"; ma=2592000; v=\"46,43\"","accept-ranges":"none","transfer-encoding":"chunked"}
[debug] [2021-09-26T07:37:19.557Z] >>> HTTP REQUEST POST https://cloudfunctions.googleapis.com/v1/projects/stripe-live-c2b55/locations/us-central1/functions:generateUploadUrl  
 
[debug] [2021-09-26T07:37:20.430Z] <<< HTTP RESPONSE 200 {"content-type":"application/json; charset=UTF-8","vary":"X-Origin, Referer, Origin,Accept-Encoding","date":"Sun, 26 Sep 2021 07:37:20 GMT","server":"ESF","cache-control":"private","x-xss-protection":"0","x-frame-options":"SAMEORIGIN","x-content-type-options":"nosniff","alt-svc":"h3=\":443\"; ma=2592000,h3-29=\":443\"; ma=2592000,h3-T051=\":443\"; ma=2592000,h3-Q050=\":443\"; ma=2592000,h3-Q046=\":443\"; ma=2592000,h3-Q043=\":443\"; ma=2592000,quic=\":443\"; ma=2592000; v=\"46,43\"","accept-ranges":"none","transfer-encoding":"chunked"}
[debug] [2021-09-26T07:37:20.431Z] >>> HTTP REQUEST PUT https://storage.googleapis.com/gcf-upload-us-central1-a1d99170-2e40-460b-a5a2-083c07227550/2b641f89-6545-4d73-837a-e43453c244fb.zip?GoogleAccessId=service-1011942455545@gcf-admin-robot.iam.gserviceaccount.com&Expires=1632643640&Signature=IbXosCQ7jM3zrKYbJXDHapobw%2B0W%2FuH7sbT3eVgZnkfTzazx9JzI4NXicVjzbf1Ho6kMUYIf1BJ9RPpCVRhIy%2BzMdPrj8YAMEEgy3qYUtUfkU4mjSFVeiNTpJZEy3s9cRjoj%2BLoiXaCYqkMWJogVM5bnq%2B4OVSD7nZ707yJLRlmMA%2F4QnGT99p9lriaWu7noxXdDGP29y85%2FyU6J9bhzaeJ9LOcpKtCV37P%2FM5lQNn%2BNC1mpMqUnfq7OOrTF1HV2lJGSlriJ2geb7JzCymVQ96DFL8VtDCAo%2FDK7cQOzpPwlt0HJAKrnQi4gLaqW0xHGitzlBtKXGkhquvVzsOvwzQ%3D%3D  
 <request body omitted>
[debug] [2021-09-26T07:37:21.010Z] <<< HTTP RESPONSE 200 {"x-guploader-uploadid":"ADPycdvJhTQfPiqGnBS2UR9XdUC6EbBF9ZF6qfTPtQDoa1GzWWdyEAv7GngFwQxby9dE0mNdNkIA-53A_U_1BUpvW-hwwjQ5FA","etag":"\"e0e8b56897723babff96fd5341144064\"","x-goog-generation":"1632641841042391","x-goog-metageneration":"1","x-goog-hash":"crc32c=jlhU2w==, md5=4Oi1aJdyO6v/lv1TQRRAZA==","x-goog-stored-content-length":"97202","x-goog-stored-content-encoding":"identity","vary":"Origin","content-length":"0","date":"Sun, 26 Sep 2021 07:37:21 GMT","server":"UploadServer","content-type":"text/html; charset=UTF-8","alt-svc":"h3=\":443\"; ma=2592000,h3-29=\":443\"; ma=2592000,h3-T051=\":443\"; ma=2592000,h3-Q050=\":443\"; ma=2592000,h3-Q046=\":443\"; ma=2592000,h3-Q043=\":443\"; ma=2592000,quic=\":443\"; ma=2592000; v=\"46,43\""}
[info] ✔  functions: functions folder uploaded successfully 
[info] i  functions: updating Node.js 14 function onStripeEvent(us-central1)... 
[debug] [2021-09-26T07:37:21.015Z] >>> HTTP REQUEST PATCH https://cloudfunctions.googleapis.com/v1/projects/stripe-live-c2b55/locations/us-central1/functions/onStripeEvent {"updateMask":"name,sourceUploadUrl,entryPoint,runtime,httpsTrigger.securityLevel,labels,environmentVariables"} 
 {"name":"projects/stripe-live-c2b55/locations/us-central1/functions/onStripeEvent","sourceUploadUrl":"https://storage.googleapis.com/gcf-upload-us-central1-a1d99170-2e40-460b-a5a2-083c07227550/2b641f89-6545-4d73-837a-e43453c244fb.zip?GoogleAccessId=service-1011942455545@gcf-admin-robot.iam.gserviceaccount.com&Expires=1632643640&Signature=IbXosCQ7jM3zrKYbJXDHapobw%2B0W%2FuH7sbT3eVgZnkfTzazx9JzI4NXicVjzbf1Ho6kMUYIf1BJ9RPpCVRhIy%2BzMdPrj8YAMEEgy3qYUtUfkU4mjSFVeiNTpJZEy3s9cRjoj%2BLoiXaCYqkMWJogVM5bnq%2B4OVSD7nZ707yJLRlmMA%2F4QnGT99p9lriaWu7noxXdDGP29y85%2FyU6J9bhzaeJ9LOcpKtCV37P%2FM5lQNn%2BNC1mpMqUnfq7OOrTF1HV2lJGSlriJ2geb7JzCymVQ96DFL8VtDCAo%2FDK7cQOzpPwlt0HJAKrnQi4gLaqW0xHGitzlBtKXGkhquvVzsOvwzQ%3D%3D","entryPoint":"onStripeEvent","runtime":"nodejs14","httpsTrigger":{"securityLevel":"SECURE_OPTIONAL"},"labels":{"deployment-tool":"cli-firebase"},"environmentVariables":{"FIREBASE_CONFIG":"{\"projectId\":\"stripe-live-c2b55\",\"storageBucket\":\"stripe-live-c2b55.appspot.com\",\"locationId\":\"asia-northeast1\"}"}}
[debug] [2021-09-26T07:37:21.506Z] <<< HTTP RESPONSE 200 {"content-type":"application/json; charset=UTF-8","vary":"X-Origin, Referer, Origin,Accept-Encoding","date":"Sun, 26 Sep 2021 07:37:21 GMT","server":"ESF","cache-control":"private","x-xss-protection":"0","x-frame-options":"SAMEORIGIN","x-content-type-options":"nosniff","alt-svc":"h3=\":443\"; ma=2592000,h3-29=\":443\"; ma=2592000,h3-T051=\":443\"; ma=2592000,h3-Q050=\":443\"; ma=2592000,h3-Q046=\":443\"; ma=2592000,h3-Q043=\":443\"; ma=2592000,quic=\":443\"; ma=2592000; v=\"46,43\"","accept-ranges":"none","transfer-encoding":"chunked"}
[debug] [2021-09-26T07:37:21.509Z] > refreshing access token with scopes: []
[debug] [2021-09-26T07:37:21.510Z] >>> HTTP REQUEST POST https://www.googleapis.com/oauth2/v3/token  
 <request body omitted>
[debug] [2021-09-26T07:37:21.669Z] <<< HTTP RESPONSE 200 {"expires":"Mon, 01 Jan 1990 00:00:00 GMT","cache-control":"no-cache, no-store, max-age=0, must-revalidate","pragma":"no-cache","date":"Sun, 26 Sep 2021 07:37:21 GMT","content-type":"application/json; charset=utf-8","vary":"X-Origin, Referer, Origin,Accept-Encoding","server":"scaffolding on HTTPServer2","x-xss-protection":"0","x-frame-options":"SAMEORIGIN","x-content-type-options":"nosniff","alt-svc":"h3=\":443\"; ma=2592000,h3-29=\":443\"; ma=2592000,h3-T051=\":443\"; ma=2592000,h3-Q050=\":443\"; ma=2592000,h3-Q046=\":443\"; ma=2592000,h3-Q043=\":443\"; ma=2592000,quic=\":443\"; ma=2592000; v=\"46,43\"","accept-ranges":"none","transfer-encoding":"chunked"}
[debug] [2021-09-26T07:37:21.717Z] >>> [apiv2][query] GET https://cloudfunctions.googleapis.com/v1/operations/c3RyaXBlLWxpdmUtYzJiNTUvdXMtY2VudHJhbDEvb25TdHJpcGVFdmVudC9KNHl2WmtUcTRvVQ [none]
[debug] [2021-09-26T07:37:22.091Z] <<< [apiv2][status] GET https://cloudfunctions.googleapis.com/v1/operations/c3RyaXBlLWxpdmUtYzJiNTUvdXMtY2VudHJhbDEvb25TdHJpcGVFdmVudC9KNHl2WmtUcTRvVQ 200
[debug] [2021-09-26T07:37:22.091Z] <<< [apiv2][body] GET https://cloudfunctions.googleapis.com/v1/operations/c3RyaXBlLWxpdmUtYzJiNTUvdXMtY2VudHJhbDEvb25TdHJpcGVFdmVudC9KNHl2WmtUcTRvVQ {"name":"operations/c3RyaXBlLWxpdmUtYzJiNTUvdXMtY2VudHJhbDEvb25TdHJpcGVFdmVudC9KNHl2WmtUcTRvVQ","metadata":{"@type":"type.googleapis.com/google.cloud.functions.v1.OperationMetadataV1","target":"projects/stripe-live-c2b55/locations/us-central1/functions/onStripeEvent","type":"UPDATE_FUNCTION","request":{"@type":"type.googleapis.com/google.cloud.functions.v1.CloudFunction","name":"projects/stripe-live-c2b55/locations/us-central1/functions/onStripeEvent","httpsTrigger":{"url":"https://us-central1-stripe-live-c2b55.cloudfunctions.net/onStripeEvent","securityLevel":"SECURE_OPTIONAL"},"status":"ACTIVE","entryPoint":"onStripeEvent","timeout":"60s","availableMemoryMb":256,"serviceAccountEmail":"stripe-live-c2b55@appspot.gserviceaccount.com","updateTime":"2021-09-26T07:30:21.535Z","versionId":"4","labels":{"deployment-tool":"cli-firebase"},"sourceUploadUrl":"https://storage.googleapis.com/gcf-upload-us-central1-a1d99170-2e40-460b-a5a2-083c07227550/2b641f89-6545-4d73-837a-e43453c244fb.zip?GoogleAccessId=service-1011942455545@gcf-admin-robot.iam.gserviceaccount.com&Expires=1632643640&Signature=IbXosCQ7jM3zrKYbJXDHapobw%2B0W%2FuH7sbT3eVgZnkfTzazx9JzI4NXicVjzbf1Ho6kMUYIf1BJ9RPpCVRhIy%2BzMdPrj8YAMEEgy3qYUtUfkU4mjSFVeiNTpJZEy3s9cRjoj%2BLoiXaCYqkMWJogVM5bnq%2B4OVSD7nZ707yJLRlmMA%2F4QnGT99p9lriaWu7noxXdDGP29y85%2FyU6J9bhzaeJ9LOcpKtCV37P%2FM5lQNn%2BNC1mpMqUnfq7OOrTF1HV2lJGSlriJ2geb7JzCymVQ96DFL8VtDCAo%2FDK7cQOzpPwlt0HJAKrnQi4gLaqW0xHGitzlBtKXGkhquvVzsOvwzQ%3D%3D","environmentVariables":{"FIREBASE_CONFIG":"{\"projectId\":\"stripe-live-c2b55\",\"storageBucket\":\"stripe-live-c2b55.appspot.com\",\"locationId\":\"asia-northeast1\"}"},"runtime":"nodejs14","ingressSettings":"ALLOW_ALL","buildId":"eb25d37e-4314-42dd-9710-e820f6d37158","buildName":"projects/1011942455545/locations/us-central1/builds/eb25d37e-4314-42dd-9710-e820f6d37158"},"versionId":"5","updateTime":"2021-09-26T07:37:21Z","buildName":"projects/1011942455545/locations/us-central1/builds/eb25d37e-4314-42dd-9710-e820f6d37158"}}
[debug] [2021-09-26T07:37:22.598Z] [update-projects/stripe-live-c2b55/locations/us-central1/functions/onStripeEvent] Retrying task index 0
[debug] [2021-09-26T07:37:22.598Z] >>> [apiv2][query] GET https://cloudfunctions.googleapis.com/v1/operations/c3RyaXBlLWxpdmUtYzJiNTUvdXMtY2VudHJhbDEvb25TdHJpcGVFdmVudC9KNHl2WmtUcTRvVQ [none]
[debug] [2021-09-26T07:37:22.982Z] <<< [apiv2][status] GET https://cloudfunctions.googleapis.com/v1/operations/c3RyaXBlLWxpdmUtYzJiNTUvdXMtY2VudHJhbDEvb25TdHJpcGVFdmVudC9KNHl2WmtUcTRvVQ 200
[debug] [2021-09-26T07:37:22.982Z] <<< [apiv2][body] GET https://cloudfunctions.googleapis.com/v1/operations/c3RyaXBlLWxpdmUtYzJiNTUvdXMtY2VudHJhbDEvb25TdHJpcGVFdmVudC9KNHl2WmtUcTRvVQ {"name":"operations/c3RyaXBlLWxpdmUtYzJiNTUvdXMtY2VudHJhbDEvb25TdHJpcGVFdmVudC9KNHl2WmtUcTRvVQ","metadata":{"@type":"type.googleapis.com/google.cloud.functions.v1.OperationMetadataV1","target":"projects/stripe-live-c2b55/locations/us-central1/functions/onStripeEvent","type":"UPDATE_FUNCTION","request":{"@type":"type.googleapis.com/google.cloud.functions.v1.CloudFunction","name":"projects/stripe-live-c2b55/locations/us-central1/functions/onStripeEvent","httpsTrigger":{"url":"https://us-central1-stripe-live-c2b55.cloudfunctions.net/onStripeEvent","securityLevel":"SECURE_OPTIONAL"},"status":"ACTIVE","entryPoint":"onStripeEvent","timeout":"60s","availableMemoryMb":256,"serviceAccountEmail":"stripe-live-c2b55@appspot.gserviceaccount.com","updateTime":"2021-09-26T07:30:21.535Z","versionId":"4","labels":{"deployment-tool":"cli-firebase"},"sourceUploadUrl":"https://storage.googleapis.com/gcf-upload-us-central1-a1d99170-2e40-460b-a5a2-083c07227550/2b641f89-6545-4d73-837a-e43453c244fb.zip?GoogleAccessId=service-1011942455545@gcf-admin-robot.iam.gserviceaccount.com&Expires=1632643640&Signature=IbXosCQ7jM3zrKYbJXDHapobw%2B0W%2FuH7sbT3eVgZnkfTzazx9JzI4NXicVjzbf1Ho6kMUYIf1BJ9RPpCVRhIy%2BzMdPrj8YAMEEgy3qYUtUfkU4mjSFVeiNTpJZEy3s9cRjoj%2BLoiXaCYqkMWJogVM5bnq%2B4OVSD7nZ707yJLRlmMA%2F4QnGT99p9lriaWu7noxXdDGP29y85%2FyU6J9bhzaeJ9LOcpKtCV37P%2FM5lQNn%2BNC1mpMqUnfq7OOrTF1HV2lJGSlriJ2geb7JzCymVQ96DFL8VtDCAo%2FDK7cQOzpPwlt0HJAKrnQi4gLaqW0xHGitzlBtKXGkhquvVzsOvwzQ%3D%3D","environmentVariables":{"FIREBASE_CONFIG":"{\"projectId\":\"stripe-live-c2b55\",\"storageBucket\":\"stripe-live-c2b55.appspot.com\",\"locationId\":\"asia-northeast1\"}"},"runtime":"nodejs14","ingressSettings":"ALLOW_ALL","buildId":"eb25d37e-4314-42dd-9710-e820f6d37158","buildName":"projects/1011942455545/locations/us-central1/builds/eb25d37e-4314-42dd-9710-e820f6d37158"},"versionId":"5","updateTime":"2021-09-26T07:37:21Z","buildId":"8f20e138-f883-4a26-a547-4afce627af91","buildName":"projects/1011942455545/locations/us-central1/builds/8f20e138-f883-4a26-a547-4afce627af91"}}
[debug] [2021-09-26T07:37:23.986Z] [update-projects/stripe-live-c2b55/locations/us-central1/functions/onStripeEvent] Retrying task index 0
[debug] [2021-09-26T07:37:23.987Z] >>> [apiv2][query] GET https://cloudfunctions.googleapis.com/v1/operations/c3RyaXBlLWxpdmUtYzJiNTUvdXMtY2VudHJhbDEvb25TdHJpcGVFdmVudC9KNHl2WmtUcTRvVQ [none]
[debug] [2021-09-26T07:37:24.529Z] <<< [apiv2][status] GET https://cloudfunctions.googleapis.com/v1/operations/c3RyaXBlLWxpdmUtYzJiNTUvdXMtY2VudHJhbDEvb25TdHJpcGVFdmVudC9KNHl2WmtUcTRvVQ 200
[debug] [2021-09-26T07:37:24.529Z] <<< [apiv2][body] GET https://cloudfunctions.googleapis.com/v1/operations/c3RyaXBlLWxpdmUtYzJiNTUvdXMtY2VudHJhbDEvb25TdHJpcGVFdmVudC9KNHl2WmtUcTRvVQ {"name":"operations/c3RyaXBlLWxpdmUtYzJiNTUvdXMtY2VudHJhbDEvb25TdHJpcGVFdmVudC9KNHl2WmtUcTRvVQ","metadata":{"@type":"type.googleapis.com/google.cloud.functions.v1.OperationMetadataV1","target":"projects/stripe-live-c2b55/locations/us-central1/functions/onStripeEvent","type":"UPDATE_FUNCTION","request":{"@type":"type.googleapis.com/google.cloud.functions.v1.CloudFunction","name":"projects/stripe-live-c2b55/locations/us-central1/functions/onStripeEvent","httpsTrigger":{"url":"https://us-central1-stripe-live-c2b55.cloudfunctions.net/onStripeEvent","securityLevel":"SECURE_OPTIONAL"},"status":"ACTIVE","entryPoint":"onStripeEvent","timeout":"60s","availableMemoryMb":256,"serviceAccountEmail":"stripe-live-c2b55@appspot.gserviceaccount.com","updateTime":"2021-09-26T07:30:21.535Z","versionId":"4","labels":{"deployment-tool":"cli-firebase"},"sourceUploadUrl":"https://storage.googleapis.com/gcf-upload-us-central1-a1d99170-2e40-460b-a5a2-083c07227550/2b641f89-6545-4d73-837a-e43453c244fb.zip?GoogleAccessId=service-1011942455545@gcf-admin-robot.iam.gserviceaccount.com&Expires=1632643640&Signature=IbXosCQ7jM3zrKYbJXDHapobw%2B0W%2FuH7sbT3eVgZnkfTzazx9JzI4NXicVjzbf1Ho6kMUYIf1BJ9RPpCVRhIy%2BzMdPrj8YAMEEgy3qYUtUfkU4mjSFVeiNTpJZEy3s9cRjoj%2BLoiXaCYqkMWJogVM5bnq%2B4OVSD7nZ707yJLRlmMA%2F4QnGT99p9lriaWu7noxXdDGP29y85%2FyU6J9bhzaeJ9LOcpKtCV37P%2FM5lQNn%2BNC1mpMqUnfq7OOrTF1HV2lJGSlriJ2geb7JzCymVQ96DFL8VtDCAo%2FDK7cQOzpPwlt0HJAKrnQi4gLaqW0xHGitzlBtKXGkhquvVzsOvwzQ%3D%3D","environmentVariables":{"FIREBASE_CONFIG":"{\"projectId\":\"stripe-live-c2b55\",\"storageBucket\":\"stripe-live-c2b55.appspot.com\",\"locationId\":\"asia-northeast1\"}"},"runtime":"nodejs14","ingressSettings":"ALLOW_ALL","buildId":"eb25d37e-4314-42dd-9710-e820f6d37158","buildName":"projects/1011942455545/locations/us-central1/builds/eb25d37e-4314-42dd-9710-e820f6d37158"},"versionId":"5","updateTime":"2021-09-26T07:37:21Z","buildId":"8f20e138-f883-4a26-a547-4afce627af91","buildName":"projects/1011942455545/locations/us-central1/builds/8f20e138-f883-4a26-a547-4afce627af91"}}
